P dead
R 0 0 290 9 9
R 0 0 600 3 19
K 0 0 900 13 3
K dead
K 0 0 900 5 14
K 0 0 900 8 17
P 0 200 220 8 11
W 0 0 400 10 8
P 0 0 500 18 2
R 0 0 600 13 1
W 0 0 400 6 4
P 0 0 190 11 13
K dead
W dead
W dead
R dead
P 0 0 500 18 3
W dead
K 0 0 592 9 6
P 0 200 58 12 2
P 0 200 246 17 19
P 0 0 500 1 18
P dead
W dead
R dead
P 0 200 58 3 0
P 0 200 220 10 14
K 0 200 441 19 12
W 0 0 375 16 11
K 0 0 592 18 13
K 0 0 48 12 10
R dead
W dead
R dead
P dead
K 0 0 900 10 7
W dead
R 0 0 600 18 0
K 0 0 900 3 13
P 0 0 500 10 4
W dead
K 0 200 200 19 9
R 4 400 760 7 0
K 0 200 200 6 1
R 0 200 120 2 11
P dead
W dead
K dead
P dead

